<?xml version="1.0" encoding="UTF-8"?>
<!-- Generated by org.testng.reporters.JUnitReportReporter -->
<testsuite skipped="0" hostname="Chetuiwk255" name="DemoTest" tests="4" failures="0" timestamp="15 Feb 2019 14:30:59 GMT" time="0.007" errors="0">
  <testcase name="add" time="0.002" classname="DemoTest"/>
  <testcase name="sub" time="0.001" classname="DemoTest"/>
  <testcase name="div" time="0.002" classname="DemoTest"/>
  <testcase name="mul" time="0.002" classname="DemoTest"/>
</testsuite> <!-- DemoTest -->
