<?xml version="1.0" encoding="UTF-8"?>
<!-- Generated by org.testng.reporters.JUnitReportReporter -->
<testsuite skipped="0" hostname="Chetuiwk255" name="com.qa.testcases.Contactspagetest" tests="3" failures="0" timestamp="03 Jan 2020 16:23:03 GMT" time="154.312" errors="0">
  <testcase name="addnewcontactest" time="74.977" classname="com.qa.testcases.Contactspagetest"/>
  <testcase name="addnewcontactest" time="41.821" classname="com.qa.testcases.Contactspagetest"/>
  <testcase name="addnewcontactest" time="37.514" classname="com.qa.testcases.Contactspagetest"/>
</testsuite> <!-- com.qa.testcases.Contactspagetest -->
