<?xml version="1.0" encoding="UTF-8"?>
<!-- Generated by org.testng.reporters.JUnitReportReporter -->
<testsuite skipped="0" hostname="Chetuiwk255" name="com.qa.mavendemo.DemoTest1" tests="4" failures="0" timestamp="15 Feb 2019 14:30:59 GMT" time="0.022" errors="0">
  <testcase name="sub" time="0.003" classname="com.qa.mavendemo.DemoTest1"/>
  <testcase name="div" time="0.006" classname="com.qa.mavendemo.DemoTest1"/>
  <testcase name="mul" time="0.004" classname="com.qa.mavendemo.DemoTest1"/>
  <testcase name="add" time="0.009" classname="com.qa.mavendemo.DemoTest1"/>
</testsuite> <!-- com.qa.mavendemo.DemoTest1 -->
