<?xml version="1.0" encoding="UTF-8"?>
<!-- Generated by org.testng.reporters.JUnitReportReporter -->
<testsuite skipped="0" hostname="Chetuiwk255" name="com.qa.test.DemoTest" tests="4" failures="0" timestamp="24 Jan 2019 14:23:50 GMT" time="0.034" errors="0">
  <testcase name="add" time="0.026" classname="com.qa.test.DemoTest"/>
  <testcase name="div" time="0.004" classname="com.qa.test.DemoTest"/>
  <testcase name="mul" time="0.002" classname="com.qa.test.DemoTest"/>
  <testcase name="sub" time="0.002" classname="com.qa.test.DemoTest"/>
</testsuite> <!-- com.qa.test.DemoTest -->
