<?xml version="1.0" encoding="UTF-8"?>
<!-- Generated by org.testng.reporters.JUnitReportReporter -->
<testsuite skipped="0" hostname="Chetuiwk255" name="com.qa.test.DemoTest1" tests="4" failures="0" timestamp="24 Jan 2019 14:23:50 GMT" time="0.021" errors="0">
  <testcase name="sub" time="0.004" classname="com.qa.test.DemoTest1"/>
  <testcase name="div" time="0.007" classname="com.qa.test.DemoTest1"/>
  <testcase name="add" time="0.004" classname="com.qa.test.DemoTest1"/>
  <testcase name="mul" time="0.006" classname="com.qa.test.DemoTest1"/>
</testsuite> <!-- com.qa.test.DemoTest1 -->
